/!\ FAILSAFE /!\  Sat Apr 10 17:47:37 -0700 2010
  Status: 500 Internal Server Error
  Unknown database 'rubyalch_development'
    /home/chris/.gem/ruby/1.8/gems/activerecord-2.3.4/lib/active_record/connection_adapters/mysql_adapter.rb:585:in `real_connect'
    /home/chris/.gem/ruby/1.8/gems/activerecord-2.3.4/lib/active_record/connection_adapters/mysql_adapter.rb:585:in `connect'
    /home/chris/.gem/ruby/1.8/gems/activerecord-2.3.4/lib/active_record/connection_adapters/mysql_adapter.rb:199:in `initialize'
    /home/chris/.gem/ruby/1.8/gems/activerecord-2.3.4/lib/active_record/connection_adapters/mysql_adapter.rb:71:in `new'
    /home/chris/.gem/ruby/1.8/gems/activerecord-2.3.4/lib/active_record/connection_adapters/mysql_adapter.rb:71:in `mysql_connection'
    /home/chris/.gem/ruby/1.8/gems/activerecord-2.3.4/lib/active_record/connection_adapters/abstract/connection_pool.rb:223:in `send'
    /home/chris/.gem/ruby/1.8/gems/activerecord-2.3.4/lib/active_record/connection_adapters/abstract/connection_pool.rb:223:in `new_connection'
    /home/chris/.gem/ruby/1.8/gems/activerecord-2.3.4/lib/active_record/connection_adapters/abstract/connection_pool.rb:245:in `checkout_new_connection'
    /home/chris/.gem/ruby/1.8/gems/activerecord-2.3.4/lib/active_record/connection_adapters/abstract/connection_pool.rb:188:in `checkout'
    /home/chris/.gem/ruby/1.8/gems/activerecord-2.3.4/lib/active_record/connection_adapters/abstract/connection_pool.rb:184:in `loop'
    /home/chris/.gem/ruby/1.8/gems/activerecord-2.3.4/lib/active_record/connection_adapters/abstract/connection_pool.rb:184:in `checkout'
    /usr/lib/ruby/1.8/monitor.rb:242:in `synchronize'
    /home/chris/.gem/ruby/1.8/gems/activerecord-2.3.4/lib/active_record/connection_adapters/abstract/connection_pool.rb:183:in `checkout'
    /home/chris/.gem/ruby/1.8/gems/activerecord-2.3.4/lib/active_record/connection_adapters/abstract/connection_pool.rb:98:in `connection'
    /home/chris/.gem/ruby/1.8/gems/activerecord-2.3.4/lib/active_record/connection_adapters/abstract/connection_pool.rb:326:in `retrieve_connection'
    /home/chris/.gem/ruby/1.8/gems/activerecord-2.3.4/lib/active_record/connection_adapters/abstract/connection_specification.rb:123:in `retrieve_connection'
    /home/chris/.gem/ruby/1.8/gems/activerecord-2.3.4/lib/active_record/connection_adapters/abstract/connection_specification.rb:115:in `connection'
    /home/chris/.gem/ruby/1.8/gems/activerecord-2.3.4/lib/active_record/query_cache.rb:9:in `cache'
    /home/chris/.gem/ruby/1.8/gems/activerecord-2.3.4/lib/active_record/query_cache.rb:28:in `call'
    /home/chris/.gem/ruby/1.8/gems/activerecord-2.3.4/lib/active_record/connection_adapters/abstract/connection_pool.rb:361:in `call'
    /home/chris/.gem/ruby/1.8/gems/rack-1.0.1/lib/rack/head.rb:9:in `call'
    /home/chris/.gem/ruby/1.8/gems/rack-1.0.1/lib/rack/methodoverride.rb:24:in `call'
    /home/chris/.gem/ruby/1.8/gems/actionpack-2.3.4/lib/action_controller/params_parser.rb:15:in `call'
    /home/chris/.gem/ruby/1.8/gems/actionpack-2.3.4/lib/action_controller/session/cookie_store.rb:93:in `call'
    /home/chris/.gem/ruby/1.8/gems/actionpack-2.3.4/lib/action_controller/failsafe.rb:26:in `call'
    /home/chris/.gem/ruby/1.8/gems/rack-1.0.1/lib/rack/lock.rb:11:in `call'
    /home/chris/.gem/ruby/1.8/gems/rack-1.0.1/lib/rack/lock.rb:11:in `synchronize'
    /home/chris/.gem/ruby/1.8/gems/rack-1.0.1/lib/rack/lock.rb:11:in `call'
    /home/chris/.gem/ruby/1.8/gems/actionpack-2.3.4/lib/action_controller/dispatcher.rb:114:in `call'
    /home/chris/.gem/ruby/1.8/gems/actionpack-2.3.4/lib/action_controller/reloader.rb:34:in `run'
    /home/chris/.gem/ruby/1.8/gems/actionpack-2.3.4/lib/action_controller/dispatcher.rb:108:in `call'
    /home/chris/.gem/ruby/1.8/gems/rails-2.3.4/lib/rails/rack/static.rb:31:in `call'
    /home/chris/.gem/ruby/1.8/gems/rack-1.0.1/lib/rack/urlmap.rb:46:in `call'
    /home/chris/.gem/ruby/1.8/gems/rack-1.0.1/lib/rack/urlmap.rb:40:in `each'
    /home/chris/.gem/ruby/1.8/gems/rack-1.0.1/lib/rack/urlmap.rb:40:in `call'
    /home/chris/.gem/ruby/1.8/gems/rails-2.3.4/lib/rails/rack/log_tailer.rb:17:in `call'
    /home/chris/.gem/ruby/1.8/gems/rack-1.0.1/lib/rack/content_length.rb:13:in `call'
    /home/chris/.gem/ruby/1.8/gems/rack-1.0.1/lib/rack/handler/webrick.rb:50:in `service'
    /usr/lib/ruby/1.8/webrick/httpserver.rb:104:in `service'
    /usr/lib/ruby/1.8/webrick/httpserver.rb:65:in `run'
    /usr/lib/ruby/1.8/webrick/server.rb:173:in `start_thread'
    /usr/lib/ruby/1.8/webrick/server.rb:162:in `start'
    /usr/lib/ruby/1.8/webrick/server.rb:162:in `start_thread'
    /usr/lib/ruby/1.8/webrick/server.rb:95:in `start'
    /usr/lib/ruby/1.8/webrick/server.rb:92:in `each'
    /usr/lib/ruby/1.8/webrick/server.rb:92:in `start'
    /usr/lib/ruby/1.8/webrick/server.rb:23:in `start'
    /usr/lib/ruby/1.8/webrick/server.rb:82:in `start'
    /home/chris/.gem/ruby/1.8/gems/rack-1.0.1/lib/rack/handler/webrick.rb:14:in `run'
    /home/chris/.gem/ruby/1.8/gems/rails-2.3.4/lib/commands/server.rb:111
    /usr/local/lib/site_ruby/1.8/rubygems/custom_require.rb:31:in `gem_original_require'
    /usr/local/lib/site_ruby/1.8/rubygems/custom_require.rb:31:in `require'
    script/server:3
  [4;36;1mSQL (39.9ms)[0m   [0;1mSET NAMES 'utf8'[0m
  [4;35;1mSQL (32.5ms)[0m   [0mSET SQL_AUTO_IS_NULL=0[0m


Processing HomeController#index (for 127.0.0.1 at 2010-04-10 17:51:52) [GET]
Rendering home/index
Completed in 104ms (View: 98, DB: 72) | 200 OK [http://localhost/]
